Using pre-set license
Built from '2021.3/staging' branch; Version is '2021.3.13f1 (9e7d58001ecf) revision 10386776'; Using compiler version '192829333'; Build Type 'Release'
OS: 'Windows 11  (10.0.22621) 64bit Professional' Language: 'it' Physical Memory: 16244 MB
BatchMode: 1, IsHumanControllingUs: 0, StartBugReporterOnCrash: 0, Is64bit: 1, IsPro: 1

COMMAND LINE ARGUMENTS:
C:\Program Files\Unity\Hub\Editor\2021.3.13f1\Editor\Unity.exe
-adb2
-batchMode
-noUpm
-name
AssetImportWorker0
-projectPath
F:/GitHub/Programming-Theory-Repo/Programming Theory Project
-logFile
Logs/AssetImportWorker0.log
-srvPort
51035
Successfully changed project path to: F:/GitHub/Programming-Theory-Repo/Programming Theory Project
F:/GitHub/Programming-Theory-Repo/Programming Theory Project
[UnityMemory] Configuration Parameters - Can be set up in boot.config
    "memorysetup-bucket-allocator-granularity=16"
    "memorysetup-bucket-allocator-bucket-count=8"
    "memorysetup-bucket-allocator-block-size=33554432"
    "memorysetup-bucket-allocator-block-count=8"
    "memorysetup-main-allocator-block-size=16777216"
    "memorysetup-thread-allocator-block-size=16777216"
    "memorysetup-gfx-main-allocator-block-size=16777216"
    "memorysetup-gfx-thread-allocator-block-size=16777216"
    "memorysetup-cache-allocator-block-size=4194304"
    "memorysetup-typetree-allocator-block-size=2097152"
    "memorysetup-profiler-bucket-allocator-granularity=16"
    "memorysetup-profiler-bucket-allocator-bucket-count=8"
    "memorysetup-profiler-bucket-allocator-block-size=33554432"
    "memorysetup-profiler-bucket-allocator-block-count=8"
    "memorysetup-profiler-allocator-block-size=16777216"
    "memorysetup-profiler-editor-allocator-block-size=1048576"
    "memorysetup-temp-allocator-size-main=16777216"
    "memorysetup-job-temp-allocator-block-size=2097152"
    "memorysetup-job-temp-allocator-block-size-background=1048576"
    "memorysetup-job-temp-allocator-reduction-small-platforms=262144"
    "memorysetup-temp-allocator-size-background-worker=32768"
    "memorysetup-temp-allocator-size-job-worker=262144"
    "memorysetup-temp-allocator-size-preload-manager=33554432"
    "memorysetup-temp-allocator-size-nav-mesh-worker=65536"
    "memorysetup-temp-allocator-size-audio-worker=65536"
    "memorysetup-temp-allocator-size-cloud-worker=32768"
    "memorysetup-temp-allocator-size-gi-baking-worker=262144"
    "memorysetup-temp-allocator-size-gfx=262144"
Refreshing native plugins compatible for Editor in 51.61 ms, found 2 plugins.
Preloading 0 native plugins for Editor in 0.00 ms.
Initialize engine version: 2021.3.13f1 (9e7d58001ecf)
[Subsystems] Discovering subsystems at path C:/Program Files/Unity/Hub/Editor/2021.3.13f1/Editor/Data/Resources/UnitySubsystems
[Subsystems] Discovering subsystems at path F:/GitHub/Programming-Theory-Repo/Programming Theory Project/Assets
GfxDevice: creating device client; threaded=0; jobified=0
Direct3D:
    Version:  Direct3D 11.0 [level 11.1]
    Renderer: Intel(R) HD Graphics 530 (ID=0x1912)
    Vendor:   Intel
    VRAM:     8122 MB
    Driver:   31.0.101.2114
Initialize mono
Mono path[0] = 'C:/Program Files/Unity/Hub/Editor/2021.3.13f1/Editor/Data/Managed'
Mono path[1] = 'C:/Program Files/Unity/Hub/Editor/2021.3.13f1/Editor/Data/MonoBleedingEdge/lib/mono/unityjit-win32'
Mono config path = 'C:/Program Files/Unity/Hub/Editor/2021.3.13f1/Editor/Data/MonoBleedingEdge/etc'
Using monoOptions --debugger-agent=transport=dt_socket,embedding=1,server=y,suspend=n,address=127.0.0.1:56280
Begin MonoManager ReloadAssembly
Registering precompiled unity dll's ...
Register platform support module: C:/Program Files/Unity/Hub/Editor/2021.3.13f1/Editor/Data/PlaybackEngines/WebGLSupport/UnityEditor.WebGL.Extensions.dll
Register platform support module: C:/Program Files/Unity/Hub/Editor/2021.3.13f1/Editor/Data/PlaybackEngines/AndroidPlayer/UnityEditor.Android.Extensions.dll
Register platform support module: C:/Program Files/Unity/Hub/Editor/2021.3.13f1/Editor/Data/PlaybackEngines/iOSSupport/UnityEditor.iOS.Extensions.dll
Register platform support module: C:/Program Files/Unity/Hub/Editor/2021.3.13f1/Editor/Data/PlaybackEngines/WindowsStandaloneSupport/UnityEditor.WindowsStandalone.Extensions.dll
Registered in 0.014710 seconds.
Native extension for WindowsStandalone target not found
[usbmuxd] Start listen thread
[usbmuxd] Listen thread started
Native extension for iOS target not found
Native extension for Android target not found
Native extension for WebGL target not found
Refreshing native plugins compatible for Editor in 41.50 ms, found 2 plugins.
Preloading 0 native plugins for Editor in 0.00 ms.
Mono: successfully reloaded assembly
- Completed reload, in  0.963 seconds
Domain Reload Profiling:
	ReloadAssembly (963ms)
		BeginReloadAssembly (135ms)
			ExecutionOrderSort (0ms)
			DisableScriptedObjects (0ms)
			BackupInstance (0ms)
			ReleaseScriptingObjects (0ms)
			CreateAndSetChildDomain (1ms)
		EndReloadAssembly (663ms)
			LoadAssemblies (133ms)
			RebuildTransferFunctionScriptingTraits (0ms)
			SetupTypeCache (174ms)
			ReleaseScriptCaches (0ms)
			RebuildScriptCaches (47ms)
			SetupLoadedEditorAssemblies (363ms)
				LogAssemblyErrors (0ms)
				InitializePlatformSupportModulesInManaged (107ms)
				SetLoadedEditorAssemblies (0ms)
				RefreshPlugins (42ms)
				BeforeProcessingInitializeOnLoad (2ms)
				ProcessInitializeOnLoadAttributes (145ms)
				ProcessInitializeOnLoadMethodAttributes (68ms)
				AfterProcessingInitializeOnLoad (0ms)
				EditorAssembliesLoaded (0ms)
			ExecutionOrderSort2 (0ms)
			AwakeInstancesAfterBackupRestoration (0ms)
Platform modules already initialized, skipping
Registering precompiled user dll's ...
Registered in 0.007193 seconds.
Begin MonoManager ReloadAssembly
Native extension for WindowsStandalone target not found
Native extension for iOS target not found
Native extension for Android target not found
Native extension for WebGL target not found
Refreshing native plugins compatible for Editor in 0.37 ms, found 2 plugins.
Preloading 0 native plugins for Editor in 0.00 ms.
Mono: successfully reloaded assembly
- Completed reload, in  1.431 seconds
Domain Reload Profiling:
	ReloadAssembly (1432ms)
		BeginReloadAssembly (300ms)
			ExecutionOrderSort (0ms)
			DisableScriptedObjects (9ms)
			BackupInstance (0ms)
			ReleaseScriptingObjects (0ms)
			CreateAndSetChildDomain (134ms)
		EndReloadAssembly (973ms)
			LoadAssemblies (146ms)
			RebuildTransferFunctionScriptingTraits (0ms)
			SetupTypeCache (287ms)
			ReleaseScriptCaches (0ms)
			RebuildScriptCaches (60ms)
			SetupLoadedEditorAssemblies (467ms)
				LogAssemblyErrors (0ms)
				InitializePlatformSupportModulesInManaged (48ms)
				SetLoadedEditorAssemblies (1ms)
				RefreshPlugins (1ms)
				BeforeProcessingInitializeOnLoad (70ms)
				ProcessInitializeOnLoadAttributes (293ms)
				ProcessInitializeOnLoadMethodAttributes (42ms)
				AfterProcessingInitializeOnLoad (13ms)
				EditorAssembliesLoaded (0ms)
			ExecutionOrderSort2 (0ms)
			AwakeInstancesAfterBackupRestoration (12ms)
Platform modules already initialized, skipping
========================================================================
Worker process is ready to serve import requests
Launched and connected shader compiler UnityShaderCompiler.exe after 0.07 seconds
Refreshing native plugins compatible for Editor in 0.35 ms, found 2 plugins.
Preloading 0 native plugins for Editor in 0.00 ms.
Unloading 1339 Unused Serialized files (Serialized files now loaded: 0)
Unloading 20 unused Assets / (87.8 KB). Loaded Objects now: 1805.
Memory consumption went from 63.6 MB to 63.5 MB.
Total: 4.945700 ms (FindLiveObjects: 0.186400 ms CreateObjectMapping: 0.084200 ms MarkObjects: 4.513500 ms  DeleteObjects: 0.159900 ms)

AssetImportParameters requested are different than current active one (requested -> active):
  custom:video-decoder-ogg-theora: a1e56fd34408186e4bbccfd4996cb3dc -> 
  custom:container-muxer-webm: aa71ff27fc2769a1b78a27578f13a17b -> 
  custom:container-demuxer-webm: 4f35f7cbe854078d1ac9338744f61a02 -> 
  custom:video-encoder-webm-vp8: eb34c28f22e8b96e1ab97ce403110664 -> 
  custom:video-codec-MediaFoundation-h265: 746d11721c4dcdbdad8f713fa42b33f4 -> 
  custom:audio-encoder-webm-vorbis: bf7c407c2cedff20999df2af8eb42d56 -> 
  custom:framework-win-MediaFoundation: 216162199b28c13a410421893ffa2e32 -> 
  custom:container-demuxer-ogg: 62fdf1f143b41e24485cea50d1cbac27 -> 
  custom:video-decoder-webm-vp8: 9c59270c3fd7afecdb556c50c9e8de78 -> 
  custom:audio-decoder-ogg-vorbis: bf7c407c2cedff20999df2af8eb42d56 -> 
========================================================================
Received Import Request.
  Time since last request: 29494.727137 seconds.
  path: Assets/Shapes2D/Preferences.asset
  artifactKey: Guid(625b6ef095c26463685d2cf468f81259) Importer(815301076,1909f56bfc062723c751e8b465ee728b)
Start importing Assets/Shapes2D/Preferences.asset using Guid(625b6ef095c26463685d2cf468f81259) Importer(815301076,1909f56bfc062723c751e8b465ee728b)  -> (artifact id: '7090bf967a1fc5276fe9ecd13d27d325') in 0.127807 seconds 
========================================================================
Received Import Request.
  Time since last request: 0.000044 seconds.
  path: Assets/Shapes2D/Demos
  artifactKey: Guid(2e688c22f39cd46068cc22fd50b02e1d) Importer(815301076,1909f56bfc062723c751e8b465ee728b)
Start importing Assets/Shapes2D/Demos using Guid(2e688c22f39cd46068cc22fd50b02e1d) Importer(815301076,1909f56bfc062723c751e8b465ee728b)  -> (artifact id: '92fa6d53b67bafd8e79203fcade52ffe') in 0.017770 seconds 
========================================================================
Received Import Request.
  Time since last request: 0.000060 seconds.
  path: Assets/Shapes2D
  artifactKey: Guid(f86db3f6460559f4baed4b285e4c5011) Importer(815301076,1909f56bfc062723c751e8b465ee728b)
Start importing Assets/Shapes2D using Guid(f86db3f6460559f4baed4b285e4c5011) Importer(815301076,1909f56bfc062723c751e8b465ee728b)  -> (artifact id: '7426d2402773bf177fce586e3f9dfa67') in 0.014125 seconds 
========================================================================
Received Prepare
Registering precompiled user dll's ...
Registered in 0.007346 seconds.
Begin MonoManager ReloadAssembly
Native extension for WindowsStandalone target not found
Native extension for iOS target not found
Native extension for Android target not found
Native extension for WebGL target not found
Refreshing native plugins compatible for Editor in 0.36 ms, found 2 plugins.
Preloading 0 native plugins for Editor in 0.00 ms.
Mono: successfully reloaded assembly
- Completed reload, in  1.447 seconds
Domain Reload Profiling:
	ReloadAssembly (1448ms)
		BeginReloadAssembly (201ms)
			ExecutionOrderSort (0ms)
			DisableScriptedObjects (8ms)
			BackupInstance (0ms)
			ReleaseScriptingObjects (0ms)
			CreateAndSetChildDomain (45ms)
		EndReloadAssembly (1087ms)
			LoadAssemblies (141ms)
			RebuildTransferFunctionScriptingTraits (0ms)
			SetupTypeCache (440ms)
			ReleaseScriptCaches (1ms)
			RebuildScriptCaches (46ms)
			SetupLoadedEditorAssemblies (437ms)
				LogAssemblyErrors (0ms)
				InitializePlatformSupportModulesInManaged (47ms)
				SetLoadedEditorAssemblies (1ms)
				RefreshPlugins (1ms)
				BeforeProcessingInitializeOnLoad (59ms)
				ProcessInitializeOnLoadAttributes (279ms)
				ProcessInitializeOnLoadMethodAttributes (41ms)
				AfterProcessingInitializeOnLoad (11ms)
				EditorAssembliesLoaded (0ms)
			ExecutionOrderSort2 (0ms)
			AwakeInstancesAfterBackupRestoration (11ms)
Platform modules already initialized, skipping
Refreshing native plugins compatible for Editor in 1.91 ms, found 2 plugins.
Preloading 0 native plugins for Editor in 0.00 ms.
Unloading 1312 Unused Serialized files (Serialized files now loaded: 0)
Unloading 21 unused Assets / (54.2 KB). Loaded Objects now: 1801.
Memory consumption went from 61.8 MB to 61.7 MB.
Total: 4.560000 ms (FindLiveObjects: 0.150200 ms CreateObjectMapping: 0.063700 ms MarkObjects: 4.229700 ms  DeleteObjects: 0.114600 ms)

AssetImportParameters requested are different than current active one (requested -> active):
  custom:video-decoder-ogg-theora: a1e56fd34408186e4bbccfd4996cb3dc -> 
  custom:container-muxer-webm: aa71ff27fc2769a1b78a27578f13a17b -> 
  custom:container-demuxer-webm: 4f35f7cbe854078d1ac9338744f61a02 -> 
  custom:video-encoder-webm-vp8: eb34c28f22e8b96e1ab97ce403110664 -> 
  custom:video-codec-MediaFoundation-h265: 746d11721c4dcdbdad8f713fa42b33f4 -> 
  custom:audio-encoder-webm-vorbis: bf7c407c2cedff20999df2af8eb42d56 -> 
  custom:framework-win-MediaFoundation: 216162199b28c13a410421893ffa2e32 -> 
  custom:container-demuxer-ogg: 62fdf1f143b41e24485cea50d1cbac27 -> 
  custom:video-decoder-webm-vp8: 9c59270c3fd7afecdb556c50c9e8de78 -> 
  custom:audio-decoder-ogg-vorbis: bf7c407c2cedff20999df2af8eb42d56 -> 
========================================================================
Received Import Request.
  Time since last request: 15.809174 seconds.
  path: Assets/Shapes2D/changelog.txt
  artifactKey: Guid(cb56d8025bf6f428095b40b596aea561) Importer(815301076,1909f56bfc062723c751e8b465ee728b)
Start importing Assets/Shapes2D/changelog.txt using Guid(cb56d8025bf6f428095b40b596aea561) Importer(815301076,1909f56bfc062723c751e8b465ee728b)  -> (artifact id: '8fa94760ba0b46ce00e26b2c5c6a0935') in 0.079862 seconds 
========================================================================
Received Import Request.
  Time since last request: 7.882530 seconds.
  path: Assets/Shapes2D/readme.txt
  artifactKey: Guid(5f001c88e3e3344b3ab398447ede2c71) Importer(815301076,1909f56bfc062723c751e8b465ee728b)
Start importing Assets/Shapes2D/readme.txt using Guid(5f001c88e3e3344b3ab398447ede2c71) Importer(815301076,1909f56bfc062723c751e8b465ee728b)  -> (artifact id: '8c34477f66d61b49edf5aa8b0a2b7158') in 0.013022 seconds 
========================================================================
Received Import Request.
  Time since last request: 7.779445 seconds.
  path: Assets/Shapes2D/Resources
  artifactKey: Guid(6591a5f5ef721415ba9045aa1e87ee44) Importer(815301076,1909f56bfc062723c751e8b465ee728b)
Start importing Assets/Shapes2D/Resources using Guid(6591a5f5ef721415ba9045aa1e87ee44) Importer(815301076,1909f56bfc062723c751e8b465ee728b)  -> (artifact id: '26b166b82a57e706ed563cf0fe69eac8') in 0.020129 seconds 
========================================================================
Received Import Request.
  Time since last request: 1.346400 seconds.
  path: Assets/Shapes2D/Resources/Shapes2D
  artifactKey: Guid(e7b70eca1f5a74e0983b7b6ffb7bc579) Importer(815301076,1909f56bfc062723c751e8b465ee728b)
Start importing Assets/Shapes2D/Resources/Shapes2D using Guid(e7b70eca1f5a74e0983b7b6ffb7bc579) Importer(815301076,1909f56bfc062723c751e8b465ee728b)  -> (artifact id: '2cd3ebcb9580a307ab45dfcd93b0d5fb') in 0.004225 seconds 
========================================================================
Received Import Request.
  Time since last request: 0.130674 seconds.
  path: Assets/Shapes2D/Resources/Shapes2D/1x1.png
  artifactKey: Guid(c3c34e396a46f4439925b24e67779a5d) Importer(815301076,1909f56bfc062723c751e8b465ee728b)
Start importing Assets/Shapes2D/Resources/Shapes2D/1x1.png using Guid(c3c34e396a46f4439925b24e67779a5d) Importer(815301076,1909f56bfc062723c751e8b465ee728b)  -> (artifact id: 'd128f72097fe7881c26b8341748400a3') in 0.132111 seconds 
========================================================================
Received Import Request.
  Time since last request: 0.000049 seconds.
  path: Assets/Shapes2D/Resources/Shapes2D/Sprite Template.prefab
  artifactKey: Guid(51d4e7141568f49118de5d20445984ee) Importer(815301076,1909f56bfc062723c751e8b465ee728b)
Start importing Assets/Shapes2D/Resources/Shapes2D/Sprite Template.prefab using Guid(51d4e7141568f49118de5d20445984ee) Importer(815301076,1909f56bfc062723c751e8b465ee728b)  -> (artifact id: '220df9b7e0fe36c00dac8d0fe0a93f0a') in 0.128807 seconds 
========================================================================
Received Import Request.
  Time since last request: 6.377891 seconds.
  path: Assets/Shapes2D/Resources/Shapes2D/Materials/Shape.mat
  artifactKey: Guid(f9ffc6f7d617f47aabb020c5c6782494) Importer(815301076,1909f56bfc062723c751e8b465ee728b)
Start importing Assets/Shapes2D/Resources/Shapes2D/Materials/Shape.mat using Guid(f9ffc6f7d617f47aabb020c5c6782494) Importer(815301076,1909f56bfc062723c751e8b465ee728b)  -> (artifact id: 'f88cf7f8a22893c486c1f6f72508c3a6') in 0.053517 seconds 
========================================================================
Received Import Request.
  Time since last request: 0.809940 seconds.
  path: Assets/Shapes2D/Resources/Shapes2D/Prefabs/Arc.prefab
  artifactKey: Guid(c136c7484681e4899b408acf1448b7eb) Importer(815301076,1909f56bfc062723c751e8b465ee728b)
Start importing Assets/Shapes2D/Resources/Shapes2D/Prefabs/Arc.prefab using Guid(c136c7484681e4899b408acf1448b7eb) Importer(815301076,1909f56bfc062723c751e8b465ee728b)  -> (artifact id: 'ce331edfcdc2d782878ee89021a176c2') in 0.026064 seconds 
========================================================================
Received Import Request.
  Time since last request: 0.000027 seconds.
  path: Assets/Shapes2D/Resources/Shapes2D/Prefabs/Button.prefab
  artifactKey: Guid(1beacc5185b444734bfc848be824347e) Importer(815301076,1909f56bfc062723c751e8b465ee728b)
Start importing Assets/Shapes2D/Resources/Shapes2D/Prefabs/Button.prefab using Guid(1beacc5185b444734bfc848be824347e) Importer(815301076,1909f56bfc062723c751e8b465ee728b)  -> (artifact id: 'b14feaaf8c92bb20afc7225693eec2b6') in 0.027592 seconds 
========================================================================
Received Import Request.
  Time since last request: 0.000032 seconds.
  path: Assets/Shapes2D/Resources/Shapes2D/Prefabs/Rounded Rectangle.prefab
  artifactKey: Guid(be9bd3791835d47698329754e8f74356) Importer(815301076,1909f56bfc062723c751e8b465ee728b)
Start importing Assets/Shapes2D/Resources/Shapes2D/Prefabs/Rounded Rectangle.prefab using Guid(be9bd3791835d47698329754e8f74356) Importer(815301076,1909f56bfc062723c751e8b465ee728b)  -> (artifact id: 'd25b2bd7a8940bd53b84534533ccb8b9') in 0.028752 seconds 
========================================================================
Received Import Request.
  Time since last request: 0.000032 seconds.
  path: Assets/Shapes2D/Resources/Shapes2D/Prefabs/Polygon.prefab
  artifactKey: Guid(6c9b74b5b1c0448dd89ec27ebec7a7eb) Importer(815301076,1909f56bfc062723c751e8b465ee728b)
Start importing Assets/Shapes2D/Resources/Shapes2D/Prefabs/Polygon.prefab using Guid(6c9b74b5b1c0448dd89ec27ebec7a7eb) Importer(815301076,1909f56bfc062723c751e8b465ee728b)  -> (artifact id: '7d4c9ff78ea40fb92668aa29e8c72418') in 0.031624 seconds 
========================================================================
Received Import Request.
  Time since last request: 0.000044 seconds.
  path: Assets/Shapes2D/Resources/Shapes2D/Prefabs/Line Path.prefab
  artifactKey: Guid(e54e9ede914c249ab92fbbcdd56c5049) Importer(815301076,1909f56bfc062723c751e8b465ee728b)
Start importing Assets/Shapes2D/Resources/Shapes2D/Prefabs/Line Path.prefab using Guid(e54e9ede914c249ab92fbbcdd56c5049) Importer(815301076,1909f56bfc062723c751e8b465ee728b)  -> (artifact id: 'd43a61abf226f758105c58b93cb09b37') in 0.033513 seconds 
========================================================================
Received Import Request.
  Time since last request: 0.000044 seconds.
  path: Assets/Shapes2D/Resources/Shapes2D/Prefabs/Donut.prefab
  artifactKey: Guid(38f36d84e6fb44409bb572a615f25189) Importer(815301076,1909f56bfc062723c751e8b465ee728b)
Start importing Assets/Shapes2D/Resources/Shapes2D/Prefabs/Donut.prefab using Guid(38f36d84e6fb44409bb572a615f25189) Importer(815301076,1909f56bfc062723c751e8b465ee728b)  -> (artifact id: '97e17e6ceba6042b3df2e9be2c51748a') in 0.026390 seconds 
========================================================================
Received Import Request.
  Time since last request: 0.000037 seconds.
  path: Assets/Shapes2D/Resources/Shapes2D/Prefabs/Pie.prefab
  artifactKey: Guid(3e87a148e0b504a28aae0e066a14cf6e) Importer(815301076,1909f56bfc062723c751e8b465ee728b)
Start importing Assets/Shapes2D/Resources/Shapes2D/Prefabs/Pie.prefab using Guid(3e87a148e0b504a28aae0e066a14cf6e) Importer(815301076,1909f56bfc062723c751e8b465ee728b)  -> (artifact id: '3eccc0bf54759e436e75b671643440ad') in 0.027582 seconds 
========================================================================
Received Import Request.
  Time since last request: 0.000064 seconds.
  path: Assets/Shapes2D/Resources/Shapes2D/Prefabs/Triangle.prefab
  artifactKey: Guid(12ed2799b098648e9bceac3e017e79d2) Importer(815301076,1909f56bfc062723c751e8b465ee728b)
Start importing Assets/Shapes2D/Resources/Shapes2D/Prefabs/Triangle.prefab using Guid(12ed2799b098648e9bceac3e017e79d2) Importer(815301076,1909f56bfc062723c751e8b465ee728b)  -> (artifact id: '168dcbd1239bcce3a729a317bd4ae515') in 0.029061 seconds 
========================================================================
Received Import Request.
  Time since last request: 0.000029 seconds.
  path: Assets/Shapes2D/Resources/Shapes2D/Prefabs/Ellipse.prefab
  artifactKey: Guid(43233cf4d30724281a0e71a350a1ac47) Importer(815301076,1909f56bfc062723c751e8b465ee728b)
Start importing Assets/Shapes2D/Resources/Shapes2D/Prefabs/Ellipse.prefab using Guid(43233cf4d30724281a0e71a350a1ac47) Importer(815301076,1909f56bfc062723c751e8b465ee728b)  -> (artifact id: '98344e33e331dd4ac21451e4abf7bfd5') in 0.027399 seconds 
========================================================================
Received Import Request.
  Time since last request: 0.000040 seconds.
  path: Assets/Shapes2D/Resources/Shapes2D/Prefabs/Rectangle.prefab
  artifactKey: Guid(ad058b3efed914d9b99f1c40c9d89ee0) Importer(815301076,1909f56bfc062723c751e8b465ee728b)
Start importing Assets/Shapes2D/Resources/Shapes2D/Prefabs/Rectangle.prefab using Guid(ad058b3efed914d9b99f1c40c9d89ee0) Importer(815301076,1909f56bfc062723c751e8b465ee728b)  -> (artifact id: 'a0b0b20acb59faaa6898bde7cbb6afec') in 0.027590 seconds 
========================================================================
Received Import Request.
  Time since last request: 0.000030 seconds.
  path: Assets/Shapes2D/Resources/Shapes2D/Prefabs/Curve.prefab
  artifactKey: Guid(255564f073cc2444a83bee012f9641cb) Importer(815301076,1909f56bfc062723c751e8b465ee728b)
Start importing Assets/Shapes2D/Resources/Shapes2D/Prefabs/Curve.prefab using Guid(255564f073cc2444a83bee012f9641cb) Importer(815301076,1909f56bfc062723c751e8b465ee728b)  -> (artifact id: '395c7620913c0d7804cbbe399051bc0b') in 0.031444 seconds 
========================================================================
Received Import Request.
  Time since last request: 0.000039 seconds.
  path: Assets/Shapes2D/Resources/Shapes2D/Prefabs/Filled Path.prefab
  artifactKey: Guid(1f3c7458d29ae40e990c8a71bb393745) Importer(815301076,1909f56bfc062723c751e8b465ee728b)
Start importing Assets/Shapes2D/Resources/Shapes2D/Prefabs/Filled Path.prefab using Guid(1f3c7458d29ae40e990c8a71bb393745) Importer(815301076,1909f56bfc062723c751e8b465ee728b)  -> (artifact id: '3cc3ab6da00791f4ccf165703e3aa820') in 0.024465 seconds 
========================================================================
Received Import Request.
  Time since last request: 0.000041 seconds.
  path: Assets/Shapes2D/Resources/Shapes2D/Prefabs/Panel.prefab
  artifactKey: Guid(e79ffb4d5659e4ddbb228bc9414c4b33) Importer(815301076,1909f56bfc062723c751e8b465ee728b)
Start importing Assets/Shapes2D/Resources/Shapes2D/Prefabs/Panel.prefab using Guid(e79ffb4d5659e4ddbb228bc9414c4b33) Importer(815301076,1909f56bfc062723c751e8b465ee728b)  -> (artifact id: '835964d2bc7c0daa70380576caf9843f') in 0.017338 seconds 
========================================================================
Received Import Request.
  Time since last request: 54.118372 seconds.
  path: Packages/com.unity.services.core/package.json
  artifactKey: Guid(182c5bcc97fc21747a9ca5e01da1ed3f) Importer(815301076,1909f56bfc062723c751e8b465ee728b)
Start importing Packages/com.unity.services.core/package.json using Guid(182c5bcc97fc21747a9ca5e01da1ed3f) Importer(815301076,1909f56bfc062723c751e8b465ee728b)  -> (artifact id: 'e270331f9ec04817c99aa384d7100d30') in 0.011885 seconds 
========================================================================
Received Import Request.
  Time since last request: 2.457814 seconds.
  path: Packages/com.unity.services.core/README.md
  artifactKey: Guid(9a0c99ca7bb84684fbf1df9c8f77e89f) Importer(815301076,1909f56bfc062723c751e8b465ee728b)
Start importing Packages/com.unity.services.core/README.md using Guid(9a0c99ca7bb84684fbf1df9c8f77e89f) Importer(815301076,1909f56bfc062723c751e8b465ee728b)  -> (artifact id: 'b5733b950a869732c652f95dbf457c96') in 0.025685 seconds 
========================================================================
Received Import Request.
  Time since last request: 15.832010 seconds.
  path: Packages/com.unity.collab-proxy/package.json
  artifactKey: Guid(743fda8c4b219c8429fb5a77ede1c879) Importer(815301076,1909f56bfc062723c751e8b465ee728b)
Start importing Packages/com.unity.collab-proxy/package.json using Guid(743fda8c4b219c8429fb5a77ede1c879) Importer(815301076,1909f56bfc062723c751e8b465ee728b)  -> (artifact id: '0b864188b205da69224fd9eba7660314') in 0.003874 seconds 
========================================================================
Received Import Request.
  Time since last request: 10.010089 seconds.
  path: Packages/com.unity.collab-proxy/README.md
  artifactKey: Guid(c10740cd62ccaf54c8880da0a3f4d10f) Importer(815301076,1909f56bfc062723c751e8b465ee728b)
Start importing Packages/com.unity.collab-proxy/README.md using Guid(c10740cd62ccaf54c8880da0a3f4d10f) Importer(815301076,1909f56bfc062723c751e8b465ee728b)  -> (artifact id: '2c164df23163cb70cd3055e3feb0e6f0') in 0.004059 seconds 
========================================================================
Received Prepare
Registering precompiled user dll's ...
Registered in 0.000878 seconds.
Begin MonoManager ReloadAssembly
Native extension for WindowsStandalone target not found
Native extension for iOS target not found
Native extension for Android target not found
Native extension for WebGL target not found
Refreshing native plugins compatible for Editor in 0.18 ms, found 0 plugins.
Preloading 0 native plugins for Editor in 0.00 ms.
Mono: successfully reloaded assembly
- Completed reload, in  1.199 seconds
Domain Reload Profiling:
	ReloadAssembly (1210ms)
		BeginReloadAssembly (197ms)
			ExecutionOrderSort (0ms)
			DisableScriptedObjects (6ms)
			BackupInstance (0ms)
			ReleaseScriptingObjects (0ms)
			CreateAndSetChildDomain (48ms)
		EndReloadAssembly (842ms)
			LoadAssemblies (123ms)
			RebuildTransferFunctionScriptingTraits (0ms)
			SetupTypeCache (200ms)
			ReleaseScriptCaches (1ms)
			RebuildScriptCaches (62ms)
			SetupLoadedEditorAssemblies (388ms)
				LogAssemblyErrors (0ms)
				InitializePlatformSupportModulesInManaged (54ms)
				SetLoadedEditorAssemblies (1ms)
				RefreshPlugins (0ms)
				BeforeProcessingInitializeOnLoad (69ms)
				ProcessInitializeOnLoadAttributes (198ms)
				ProcessInitializeOnLoadMethodAttributes (49ms)
				AfterProcessingInitializeOnLoad (17ms)
				EditorAssembliesLoaded (0ms)
			ExecutionOrderSort2 (0ms)
			AwakeInstancesAfterBackupRestoration (19ms)
Platform modules already initialized, skipping
Refreshing native plugins compatible for Editor in 0.33 ms, found 0 plugins.
Preloading 0 native plugins for Editor in 0.00 ms.
Unloading 690 Unused Serialized files (Serialized files now loaded: 0)
Unloading 153 unused Assets / (55.3 KB). Loaded Objects now: 1699.
Memory consumption went from 53.0 MB to 52.9 MB.
Total: 3.371100 ms (FindLiveObjects: 0.166300 ms CreateObjectMapping: 0.065500 ms MarkObjects: 2.990400 ms  DeleteObjects: 0.146700 ms)

AssetImportParameters requested are different than current active one (requested -> active):
  custom:video-decoder-ogg-theora: a1e56fd34408186e4bbccfd4996cb3dc -> 
  custom:container-muxer-webm: aa71ff27fc2769a1b78a27578f13a17b -> 
  custom:container-demuxer-webm: 4f35f7cbe854078d1ac9338744f61a02 -> 
  custom:video-encoder-webm-vp8: eb34c28f22e8b96e1ab97ce403110664 -> 
  custom:video-codec-MediaFoundation-h265: 746d11721c4dcdbdad8f713fa42b33f4 -> 
  custom:audio-encoder-webm-vorbis: bf7c407c2cedff20999df2af8eb42d56 -> 
  custom:framework-win-MediaFoundation: 216162199b28c13a410421893ffa2e32 -> 
  custom:container-demuxer-ogg: 62fdf1f143b41e24485cea50d1cbac27 -> 
  custom:video-decoder-webm-vp8: 9c59270c3fd7afecdb556c50c9e8de78 -> 
  custom:audio-decoder-ogg-vorbis: bf7c407c2cedff20999df2af8eb42d56 -> 
